0 info it worked if it ends with ok
1 verbose cli [ 'C:\\Program Files\\nodejs\\node.exe',
1 verbose cli   'C:\\Program Files\\nodejs\\node_modules\\npm\\bin\\npm-cli.js',
1 verbose cli   'run',
1 verbose cli   'test8' ]
2 info using npm@3.10.10
3 info using node@v6.11.2
4 verbose run-script [ 'pretest8', 'test8', 'posttest8' ]
5 info lifecycle givingbackapi@1.0.0~pretest8: givingbackapi@1.0.0
6 silly lifecycle givingbackapi@1.0.0~pretest8: no script for pretest8, continuing
7 info lifecycle givingbackapi@1.0.0~test8: givingbackapi@1.0.0
8 verbose lifecycle givingbackapi@1.0.0~test8: unsafe-perm in lifecycle true
9 verbose lifecycle givingbackapi@1.0.0~test8: PATH: C:\Program Files\nodejs\node_modules\npm\bin\node-gyp-bin;C:\Givingback_api\node_modules\.bin;C:\Python27\;C:\Python27\Scripts;C:\ProgramData\Oracle\Java\javapath;C:\Program Files (x86)\RSA SecurID Token Common;C:\Program Files\RSA SecurID Token Common;C:\WINDOWS\system32;C:\WINDOWS;C:\WINDOWS\System32\Wbem;C:\WINDOWS\System32\WindowsPowerShell\v1.0\;C:\Program Files (x86)\WebEx\Productivity Tools;C:\Program Files\Java\jdk1.8.0_144\bin;C:\Program Files\Java\jre1.8.0_144\bin;C:\apache-maven-3.5.0\bin;C:\Program Files\Git\cmd;C:\Program Files\nodejs\;C:\allure\allure-2.3.4\bin\allure.bat;C:\Program Files\Perforce;C:\Program Files\PuTTY\;C:\Users\srishtis\scoop\shims;C:\Users\srishtis\AppData\Local\Microsoft\WindowsApps;C:\Users\srishtis\AppData\Roaming\npm;C:\Users\srishtis\AppData\Local\Microsoft\WindowsApps;;C:\Program Files\Microsoft VS Code\bin
10 verbose lifecycle givingbackapi@1.0.0~test8: CWD: C:\Givingback_api
11 silly lifecycle givingbackapi@1.0.0~test8: Args: [ '/d /s /c',
11 silly lifecycle   'jasmine-node --captureExceptions spec/p50verify_spec.js --junitreport' ]
12 silly lifecycle givingbackapi@1.0.0~test8: Returned: code: 1  signal: null
13 info lifecycle givingbackapi@1.0.0~test8: Failed to exec test8 script
14 verbose stack Error: givingbackapi@1.0.0 test8: `jasmine-node --captureExceptions spec/p50verify_spec.js --junitreport`
14 verbose stack Exit status 1
14 verbose stack     at EventEmitter.<anonymous> (C:\Program Files\nodejs\node_modules\npm\lib\utils\lifecycle.js:255:16)
14 verbose stack     at emitTwo (events.js:106:13)
14 verbose stack     at EventEmitter.emit (events.js:191:7)
14 verbose stack     at ChildProcess.<anonymous> (C:\Program Files\nodejs\node_modules\npm\lib\utils\spawn.js:40:14)
14 verbose stack     at emitTwo (events.js:106:13)
14 verbose stack     at ChildProcess.emit (events.js:191:7)
14 verbose stack     at maybeClose (internal/child_process.js:891:16)
14 verbose stack     at Process.ChildProcess._handle.onexit (internal/child_process.js:226:5)
15 verbose pkgid givingbackapi@1.0.0
16 verbose cwd C:\Givingback_api
17 error Windows_NT 10.0.15063
18 error argv "C:\\Program Files\\nodejs\\node.exe" "C:\\Program Files\\nodejs\\node_modules\\npm\\bin\\npm-cli.js" "run" "test8"
19 error node v6.11.2
20 error npm  v3.10.10
21 error code ELIFECYCLE
22 error givingbackapi@1.0.0 test8: `jasmine-node --captureExceptions spec/p50verify_spec.js --junitreport`
22 error Exit status 1
23 error Failed at the givingbackapi@1.0.0 test8 script 'jasmine-node --captureExceptions spec/p50verify_spec.js --junitreport'.
23 error Make sure you have the latest version of node.js and npm installed.
23 error If you do, this is most likely a problem with the givingbackapi package,
23 error not with npm itself.
23 error Tell the author that this fails on your system:
23 error     jasmine-node --captureExceptions spec/p50verify_spec.js --junitreport
23 error You can get information on how to open an issue for this project with:
23 error     npm bugs givingbackapi
23 error Or if that isn't available, you can get their info via:
23 error     npm owner ls givingbackapi
23 error There is likely additional logging output above.
24 verbose exit [ 1, true ]
